Using pre-set license
Built from '2021.3/staging' branch; Version is '2021.3.3f1 (af2e63e8f9bd) revision 11480675'; Using compiler version '192829333'; Build Type 'Release'
OS: 'Windows 11  (10.0.22000) 64bit Core' Language: 'ko' Physical Memory: 16303 MB
BatchMode: 1, IsHumanControllingUs: 0, StartBugReporterOnCrash: 0, Is64bit: 1, IsPro: 1

COMMAND LINE ARGUMENTS:
C:\Program Files\Unity\Hub\Editor\2021.3.3f1\Editor\Unity.exe
-adb2
-batchMode
-noUpm
-name
AssetImportWorker0
-projectPath
D:/UnityEngine_20303_4/UnityEngine_20303_4/UnityEngine_20303_4
-logFile
Logs/AssetImportWorker0.log
-srvPort
5524
Successfully changed project path to: D:/UnityEngine_20303_4/UnityEngine_20303_4/UnityEngine_20303_4
D:/UnityEngine_20303_4/UnityEngine_20303_4/UnityEngine_20303_4
[UnityMemory] Configuration Parameters - Can be set up in boot.config
    "memorysetup-bucket-allocator-granularity=16"
    "memorysetup-bucket-allocator-bucket-count=8"
    "memorysetup-bucket-allocator-block-size=33554432"
    "memorysetup-bucket-allocator-block-count=8"
    "memorysetup-main-allocator-block-size=16777216"
    "memorysetup-thread-allocator-block-size=16777216"
    "memorysetup-gfx-main-allocator-block-size=16777216"
    "memorysetup-gfx-thread-allocator-block-size=16777216"
    "memorysetup-cache-allocator-block-size=4194304"
    "memorysetup-typetree-allocator-block-size=2097152"
    "memorysetup-profiler-bucket-allocator-granularity=16"
    "memorysetup-profiler-bucket-allocator-bucket-count=8"
    "memorysetup-profiler-bucket-allocator-block-size=33554432"
    "memorysetup-profiler-bucket-allocator-block-count=8"
    "memorysetup-profiler-allocator-block-size=16777216"
    "memorysetup-profiler-editor-allocator-block-size=1048576"
    "memorysetup-temp-allocator-size-main=16777216"
    "memorysetup-job-temp-allocator-block-size=2097152"
    "memorysetup-job-temp-allocator-block-size-background=1048576"
    "memorysetup-job-temp-allocator-reduction-small-platforms=262144"
    "memorysetup-temp-allocator-size-background-worker=32768"
    "memorysetup-temp-allocator-size-job-worker=262144"
    "memorysetup-temp-allocator-size-preload-manager=33554432"
    "memorysetup-temp-allocator-size-nav-mesh-worker=65536"
    "memorysetup-temp-allocator-size-audio-worker=65536"
    "memorysetup-temp-allocator-size-cloud-worker=32768"
    "memorysetup-temp-allocator-size-gi-baking-worker=262144"
    "memorysetup-temp-allocator-size-gfx=262144"
Refreshing native plugins compatible for Editor in 34.01 ms, found 2 plugins.
Preloading 0 native plugins for Editor in 0.00 ms.
Initialize engine version: 2021.3.3f1 (af2e63e8f9bd)
[Subsystems] Discovering subsystems at path C:/Program Files/Unity/Hub/Editor/2021.3.3f1/Editor/Data/Resources/UnitySubsystems
[Subsystems] Discovering subsystems at path D:/UnityEngine_20303_4/UnityEngine_20303_4/UnityEngine_20303_4/Assets
GfxDevice: creating device client; threaded=0; jobified=0
Direct3D:
    Version:  Direct3D 11.0 [level 11.1]
    Renderer: NVIDIA GeForce RTX 2060 (ID=0x1f51)
    Vendor:   NVIDIA
    VRAM:     5980 MB
    Driver:   30.0.15.1259
Initialize mono
Mono path[0] = 'C:/Program Files/Unity/Hub/Editor/2021.3.3f1/Editor/Data/Managed'
Mono path[1] = 'C:/Program Files/Unity/Hub/Editor/2021.3.3f1/Editor/Data/MonoBleedingEdge/lib/mono/unityjit-win32'
Mono config path = 'C:/Program Files/Unity/Hub/Editor/2021.3.3f1/Editor/Data/MonoBleedingEdge/etc'
Using monoOptions --debugger-agent=transport=dt_socket,embedding=1,server=y,suspend=n,address=127.0.0.1:56212
Begin MonoManager ReloadAssembly
Registering precompiled unity dll's ...
Register platform support module: C:/Program Files/Unity/Hub/Editor/2021.3.3f1/Editor/Data/PlaybackEngines/AndroidPlayer/UnityEditor.Android.Extensions.dll
Register platform support module: C:/Program Files/Unity/Hub/Editor/2021.3.3f1/Editor/Data/PlaybackEngines/WindowsStandaloneSupport/UnityEditor.WindowsStandalone.Extensions.dll
Registered in 0.006877 seconds.
Native extension for WindowsStandalone target not found
Native extension for Android target not found
Refreshing native plugins compatible for Editor in 28.67 ms, found 2 plugins.
Preloading 0 native plugins for Editor in 0.00 ms.
Mono: successfully reloaded assembly
- Completed reload, in  0.712 seconds
Domain Reload Profiling:
	ReloadAssembly (712ms)
		BeginReloadAssembly (89ms)
			ExecutionOrderSort (0ms)
			DisableScriptedObjects (0ms)
			BackupInstance (0ms)
			ReleaseScriptingObjects (0ms)
			CreateAndSetChildDomain (1ms)
		EndReloadAssembly (502ms)
			LoadAssemblies (87ms)
			RebuildTransferFunctionScriptingTraits (0ms)
			SetupTypeCache (131ms)
			ReleaseScriptCaches (0ms)
			RebuildScriptCaches (34ms)
			SetupLoadedEditorAssemblies (278ms)
				LogAssemblyErrors (0ms)
				InitializePlatformSupportModulesInManaged (67ms)
				SetLoadedEditorAssemblies (0ms)
				RefreshPlugins (29ms)
				BeforeProcessingInitializeOnLoad (2ms)
				ProcessInitializeOnLoadAttributes (122ms)
				ProcessInitializeOnLoadMethodAttributes (58ms)
				AfterProcessingInitializeOnLoad (0ms)
				EditorAssembliesLoaded (0ms)
			ExecutionOrderSort2 (0ms)
			AwakeInstancesAfterBackupRestoration (0ms)
Platform modules already initialized, skipping
Registering precompiled user dll's ...
Registered in 0.002867 seconds.
Begin MonoManager ReloadAssembly
Native extension for WindowsStandalone target not found
Native extension for Android target not found
Refreshing native plugins compatible for Editor in 0.38 ms, found 2 plugins.
Preloading 0 native plugins for Editor in 0.00 ms.
Mono: successfully reloaded assembly
- Completed reload, in  1.279 seconds
Domain Reload Profiling:
	ReloadAssembly (1281ms)
		BeginReloadAssembly (251ms)
			ExecutionOrderSort (0ms)
			DisableScriptedObjects (12ms)
			BackupInstance (0ms)
			ReleaseScriptingObjects (0ms)
			CreateAndSetChildDomain (128ms)
		EndReloadAssembly (866ms)
			LoadAssemblies (86ms)
			RebuildTransferFunctionScriptingTraits (0ms)
			SetupTypeCache (236ms)
			ReleaseScriptCaches (1ms)
			RebuildScriptCaches (76ms)
			SetupLoadedEditorAssemblies (411ms)
				LogAssemblyErrors (0ms)
				InitializePlatformSupportModulesInManaged (19ms)
				SetLoadedEditorAssemblies (0ms)
				RefreshPlugins (0ms)
				BeforeProcessingInitializeOnLoad (58ms)
				ProcessInitializeOnLoadAttributes (283ms)
				ProcessInitializeOnLoadMethodAttributes (41ms)
				AfterProcessingInitializeOnLoad (9ms)
				EditorAssembliesLoaded (0ms)
			ExecutionOrderSort2 (0ms)
			AwakeInstancesAfterBackupRestoration (10ms)
Platform modules already initialized, skipping
========================================================================
Worker process is ready to serve import requests
Launched and connected shader compiler UnityShaderCompiler.exe after 0.17 seconds
Refreshing native plugins compatible for Editor in 0.80 ms, found 2 plugins.
Preloading 0 native plugins for Editor in 0.00 ms.
Unloading 1667 Unused Serialized files (Serialized files now loaded: 0)
Unloading 19 unused Assets / (47.9 KB). Loaded Objects now: 2133.
Memory consumption went from 71.7 MB to 71.6 MB.
Total: 3.250000 ms (FindLiveObjects: 0.142900 ms CreateObjectMapping: 0.060200 ms MarkObjects: 2.983900 ms  DeleteObjects: 0.062200 ms)

AssetImportParameters requested are different than current active one (requested -> active):
  custom:video-decoder-ogg-theora: a1e56fd34408186e4bbccfd4996cb3dc -> 
  custom:container-muxer-webm: aa71ff27fc2769a1b78a27578f13a17b -> 
  custom:container-demuxer-webm: 4f35f7cbe854078d1ac9338744f61a02 -> 
  custom:video-encoder-webm-vp8: eb34c28f22e8b96e1ab97ce403110664 -> 
  custom:audio-encoder-webm-vorbis: bf7c407c2cedff20999df2af8eb42d56 -> 
  custom:framework-win-MediaFoundation: 216162199b28c13a410421893ffa2e32 -> 
  custom:container-demuxer-ogg: 62fdf1f143b41e24485cea50d1cbac27 -> 
  custom:video-decoder-webm-vp8: 9c59270c3fd7afecdb556c50c9e8de78 -> 
  custom:audio-decoder-ogg-vorbis: bf7c407c2cedff20999df2af8eb42d56 -> 
========================================================================
Received Import Request.
  Time since last request: 79435.388480 seconds.
  path: Assets/01.Scenes
  artifactKey: Guid(108d0354862599c4680f6b1ace2e80f7) Importer(815301076,1909f56bfc062723c751e8b465ee728b)
Start importing Assets/01.Scenes using Guid(108d0354862599c4680f6b1ace2e80f7) Importer(815301076,1909f56bfc062723c751e8b465ee728b)  -> (artifact id: '7304b1e81434d2cd9861ec10d86e0d44') in 0.008865 seconds 
========================================================================
Received Import Request.
  Time since last request: 6.710445 seconds.
  path: Assets
  artifactKey: Guid(00000000000000001000000000000000) Importer(815301076,1909f56bfc062723c751e8b465ee728b)
Start importing Assets using Guid(00000000000000001000000000000000) Importer(815301076,1909f56bfc062723c751e8b465ee728b)  -> (artifact id: '79842766b460edbeab6a34051e857a80') in 0.034659 seconds 
========================================================================
Received Import Request.
  Time since last request: 10.364141 seconds.
  path: Assets/02.Scripts
  artifactKey: Guid(3b27598973eacb049869f804535332c6) Importer(815301076,1909f56bfc062723c751e8b465ee728b)
Start importing Assets/02.Scripts using Guid(3b27598973eacb049869f804535332c6) Importer(815301076,1909f56bfc062723c751e8b465ee728b)  -> (artifact id: 'c784a0207e81a365cc26298df5f5d9d9') in 0.007310 seconds 
========================================================================
Received Import Request.
  Time since last request: 7.631608 seconds.
  path: Assets/03.Prefabs
  artifactKey: Guid(cf53006398ca6534494827e271914e37) Importer(815301076,1909f56bfc062723c751e8b465ee728b)
Start importing Assets/03.Prefabs using Guid(cf53006398ca6534494827e271914e37) Importer(815301076,1909f56bfc062723c751e8b465ee728b)  -> (artifact id: '1794d24858a243b0ab5f8a9481f13f76') in 0.012399 seconds 
========================================================================
Received Import Request.
  Time since last request: 6.108300 seconds.
  path: Assets/04.Images
  artifactKey: Guid(8421cd4a36dcd984aacf043fe28b3634) Importer(815301076,1909f56bfc062723c751e8b465ee728b)
Start importing Assets/04.Images using Guid(8421cd4a36dcd984aacf043fe28b3634) Importer(815301076,1909f56bfc062723c751e8b465ee728b)  -> (artifact id: 'b4d817edcdf18e62c0e3dc9076a72db6') in 0.140991 seconds 
========================================================================
Received Import Request.
  Time since last request: 14.222958 seconds.
  path: Assets/05.Models
  artifactKey: Guid(332f44be6d3a0b745b6f563ffd31237b) Importer(815301076,1909f56bfc062723c751e8b465ee728b)
Start importing Assets/05.Models using Guid(332f44be6d3a0b745b6f563ffd31237b) Importer(815301076,1909f56bfc062723c751e8b465ee728b)  -> (artifact id: 'fa41d8cb665a843baa38b804051bd648') in 0.020277 seconds 
========================================================================
Received Import Request.
  Time since last request: 6.642938 seconds.
  path: Assets/06.Sounds
  artifactKey: Guid(0314f585c669fb24b89f89c54e8f3d53) Importer(815301076,1909f56bfc062723c751e8b465ee728b)
Start importing Assets/06.Sounds using Guid(0314f585c669fb24b89f89c54e8f3d53) Importer(815301076,1909f56bfc062723c751e8b465ee728b)  -> (artifact id: 'ee5775b0408f3eb3257d5d2f7b3ea059') in 0.030083 seconds 
========================================================================
Received Import Request.
  Time since last request: 6.947219 seconds.
  path: Assets/07.Animations
  artifactKey: Guid(07e8ed3da2e514a49b183a97673c8b35) Importer(815301076,1909f56bfc062723c751e8b465ee728b)
Start importing Assets/07.Animations using Guid(07e8ed3da2e514a49b183a97673c8b35) Importer(815301076,1909f56bfc062723c751e8b465ee728b)  -> (artifact id: '718510b0a19cb63f28be8070148dd5a8') in 0.006461 seconds 
========================================================================
Received Import Request.
  Time since last request: 9.370399 seconds.
  path: Assets/08.Effects
  artifactKey: Guid(e4ecea38a72881f4f8c9773d57ac7fd3) Importer(815301076,1909f56bfc062723c751e8b465ee728b)
Start importing Assets/08.Effects using Guid(e4ecea38a72881f4f8c9773d57ac7fd3) Importer(815301076,1909f56bfc062723c751e8b465ee728b)  -> (artifact id: '6d56c08e53631203ed55dc075840e0b7') in 0.015701 seconds 
========================================================================
Received Import Request.
  Time since last request: 6.394289 seconds.
  path: Assets/Resources
  artifactKey: Guid(25c0aab51e0ac0d4ebec5a88ab3b263f) Importer(815301076,1909f56bfc062723c751e8b465ee728b)
Start importing Assets/Resources using Guid(25c0aab51e0ac0d4ebec5a88ab3b263f) Importer(815301076,1909f56bfc062723c751e8b465ee728b)  -> (artifact id: '71889c9bf9fa0141833012d170070225') in 0.014571 seconds 
========================================================================
Received Prepare
Registering precompiled user dll's ...
Registered in 0.002586 seconds.
Begin MonoManager ReloadAssembly
Native extension for WindowsStandalone target not found
Native extension for Android target not found
Refreshing native plugins compatible for Editor in 0.73 ms, found 2 plugins.
Preloading 0 native plugins for Editor in 0.00 ms.
Mono: successfully reloaded assembly
- Completed reload, in  1.038 seconds
Domain Reload Profiling:
	ReloadAssembly (1038ms)
		BeginReloadAssembly (160ms)
			ExecutionOrderSort (0ms)
			DisableScriptedObjects (7ms)
			BackupInstance (0ms)
			ReleaseScriptingObjects (0ms)
			CreateAndSetChildDomain (42ms)
		EndReloadAssembly (747ms)
			LoadAssemblies (96ms)
			RebuildTransferFunctionScriptingTraits (0ms)
			SetupTypeCache (213ms)
			ReleaseScriptCaches (1ms)
			RebuildScriptCaches (42ms)
			SetupLoadedEditorAssemblies (352ms)
				LogAssemblyErrors (0ms)
				InitializePlatformSupportModulesInManaged (28ms)
				SetLoadedEditorAssemblies (1ms)
				RefreshPlugins (1ms)
				BeforeProcessingInitializeOnLoad (54ms)
				ProcessInitializeOnLoadAttributes (229ms)
				ProcessInitializeOnLoadMethodAttributes (32ms)
				AfterProcessingInitializeOnLoad (6ms)
				EditorAssembliesLoaded (0ms)
			ExecutionOrderSort2 (0ms)
			AwakeInstancesAfterBackupRestoration (10ms)
Platform modules already initialized, skipping
Refreshing native plugins compatible for Editor in 0.99 ms, found 2 plugins.
Preloading 0 native plugins for Editor in 0.00 ms.
Unloading 1667 Unused Serialized files (Serialized files now loaded: 0)
Unloading 12 unused Assets / (24.6 KB). Loaded Objects now: 2142.
Memory consumption went from 71.7 MB to 71.6 MB.
Total: 3.151400 ms (FindLiveObjects: 0.141400 ms CreateObjectMapping: 0.059500 ms MarkObjects: 2.917800 ms  DeleteObjects: 0.032100 ms)

AssetImportParameters requested are different than current active one (requested -> active):
  custom:video-decoder-ogg-theora: a1e56fd34408186e4bbccfd4996cb3dc -> 
  custom:container-muxer-webm: aa71ff27fc2769a1b78a27578f13a17b -> 
  custom:container-demuxer-webm: 4f35f7cbe854078d1ac9338744f61a02 -> 
  custom:video-encoder-webm-vp8: eb34c28f22e8b96e1ab97ce403110664 -> 
  custom:audio-encoder-webm-vorbis: bf7c407c2cedff20999df2af8eb42d56 -> 
  custom:framework-win-MediaFoundation: 216162199b28c13a410421893ffa2e32 -> 
  custom:container-demuxer-ogg: 62fdf1f143b41e24485cea50d1cbac27 -> 
  custom:video-decoder-webm-vp8: 9c59270c3fd7afecdb556c50c9e8de78 -> 
  custom:audio-decoder-ogg-vorbis: bf7c407c2cedff20999df2af8eb42d56 -> 
========================================================================
Received Import Request.
  Time since last request: 729.345208 seconds.
  path: Assets/Easy FPS
  artifactKey: Guid(b521e70f4fddf6847ad64018d5245d38) Importer(815301076,1909f56bfc062723c751e8b465ee728b)
Start importing Assets/Easy FPS using Guid(b521e70f4fddf6847ad64018d5245d38) Importer(815301076,1909f56bfc062723c751e8b465ee728b)  -> (artifact id: '0b7eec437218139acb78bc73d3f716a6') in 0.045869 seconds 
========================================================================
Received Import Request.
  Time since last request: 1.813992 seconds.
  path: Assets/_
  artifactKey: Guid(b521e70f4fddf6847ad64018d5245d38) Importer(815301076,1909f56bfc062723c751e8b465ee728b)
Start importing Assets/_ using Guid(b521e70f4fddf6847ad64018d5245d38) Importer(815301076,1909f56bfc062723c751e8b465ee728b)  -> (artifact id: 'ec7eb79f3f87287686853507acf48ce9') in 0.005622 seconds 
========================================================================
Received Prepare
Registering precompiled user dll's ...
Registered in 0.002788 seconds.
Begin MonoManager ReloadAssembly
Native extension for WindowsStandalone target not found
Native extension for Android target not found
Refreshing native plugins compatible for Editor in 0.47 ms, found 2 plugins.
Preloading 0 native plugins for Editor in 0.00 ms.
Mono: successfully reloaded assembly
- Completed reload, in  1.103 seconds
Domain Reload Profiling:
	ReloadAssembly (1104ms)
		BeginReloadAssembly (131ms)
			ExecutionOrderSort (0ms)
			DisableScriptedObjects (7ms)
			BackupInstance (0ms)
			ReleaseScriptingObjects (0ms)
			CreateAndSetChildDomain (36ms)
		EndReloadAssembly (873ms)
			LoadAssemblies (73ms)
			RebuildTransferFunctionScriptingTraits (0ms)
			SetupTypeCache (220ms)
			ReleaseScriptCaches (1ms)
			RebuildScriptCaches (72ms)
			SetupLoadedEditorAssemblies (399ms)
				LogAssemblyErrors (0ms)
				InitializePlatformSupportModulesInManaged (31ms)
				SetLoadedEditorAssemblies (1ms)
				RefreshPlugins (1ms)
				BeforeProcessingInitializeOnLoad (70ms)
				ProcessInitializeOnLoadAttributes (257ms)
				ProcessInitializeOnLoadMethodAttributes (34ms)
				AfterProcessingInitializeOnLoad (6ms)
				EditorAssembliesLoaded (0ms)
			ExecutionOrderSort2 (0ms)
			AwakeInstancesAfterBackupRestoration (12ms)
Platform modules already initialized, skipping
Refreshing native plugins compatible for Editor in 1.57 ms, found 2 plugins.
Preloading 0 native plugins for Editor in 0.00 ms.
Unloading 1667 Unused Serialized files (Serialized files now loaded: 0)
Unloading 12 unused Assets / (24.7 KB). Loaded Objects now: 2145.
Memory consumption went from 71.7 MB to 71.6 MB.
Total: 3.214200 ms (FindLiveObjects: 0.130600 ms CreateObjectMapping: 0.049200 ms MarkObjects: 3.006300 ms  DeleteObjects: 0.027300 ms)

AssetImportParameters requested are different than current active one (requested -> active):
  custom:video-decoder-ogg-theora: a1e56fd34408186e4bbccfd4996cb3dc -> 
  custom:container-muxer-webm: aa71ff27fc2769a1b78a27578f13a17b -> 
  custom:container-demuxer-webm: 4f35f7cbe854078d1ac9338744f61a02 -> 
  custom:video-encoder-webm-vp8: eb34c28f22e8b96e1ab97ce403110664 -> 
  custom:audio-encoder-webm-vorbis: bf7c407c2cedff20999df2af8eb42d56 -> 
  custom:framework-win-MediaFoundation: 216162199b28c13a410421893ffa2e32 -> 
  custom:container-demuxer-ogg: 62fdf1f143b41e24485cea50d1cbac27 -> 
  custom:video-decoder-webm-vp8: 9c59270c3fd7afecdb556c50c9e8de78 -> 
  custom:audio-decoder-ogg-vorbis: bf7c407c2cedff20999df2af8eb42d56 -> 
========================================================================
Received Import Request.
  Time since last request: 18.012169 seconds.
  path: Assets/E_
  artifactKey: Guid(b521e70f4fddf6847ad64018d5245d38) Importer(815301076,1909f56bfc062723c751e8b465ee728b)
Start importing Assets/E_ using Guid(b521e70f4fddf6847ad64018d5245d38) Importer(815301076,1909f56bfc062723c751e8b465ee728b)  -> (artifact id: 'c163fc9cf648041c725144bfd5f2c1ef') in 0.009563 seconds 
========================================================================
Received Prepare
Registering precompiled user dll's ...
Registered in 0.002903 seconds.
Begin MonoManager ReloadAssembly
Native extension for WindowsStandalone target not found
Native extension for Android target not found
Refreshing native plugins compatible for Editor in 0.34 ms, found 2 plugins.
Preloading 0 native plugins for Editor in 0.00 ms.
Mono: successfully reloaded assembly
- Completed reload, in  1.137 seconds
Domain Reload Profiling:
	ReloadAssembly (1139ms)
		BeginReloadAssembly (153ms)
			ExecutionOrderSort (0ms)
			DisableScriptedObjects (9ms)
			BackupInstance (0ms)
			ReleaseScriptingObjects (0ms)
			CreateAndSetChildDomain (42ms)
		EndReloadAssembly (865ms)
			LoadAssemblies (85ms)
			RebuildTransferFunctionScriptingTraits (0ms)
			SetupTypeCache (224ms)
			ReleaseScriptCaches (1ms)
			RebuildScriptCaches (54ms)
			SetupLoadedEditorAssemblies (435ms)
				LogAssemblyErrors (0ms)
				InitializePlatformSupportModulesInManaged (28ms)
				SetLoadedEditorAssemblies (1ms)
				RefreshPlugins (0ms)
				BeforeProcessingInitializeOnLoad (63ms)
				ProcessInitializeOnLoadAttributes (296ms)
				ProcessInitializeOnLoadMethodAttributes (39ms)
				AfterProcessingInitializeOnLoad (8ms)
				EditorAssembliesLoaded (0ms)
			ExecutionOrderSort2 (0ms)
			AwakeInstancesAfterBackupRestoration (10ms)
Platform modules already initialized, skipping
Refreshing native plugins compatible for Editor in 1.04 ms, found 2 plugins.
Preloading 0 native plugins for Editor in 0.00 ms.
Unloading 1667 Unused Serialized files (Serialized files now loaded: 0)
Unloading 12 unused Assets / (24.6 KB). Loaded Objects now: 2148.
Memory consumption went from 71.7 MB to 71.6 MB.
Total: 2.874100 ms (FindLiveObjects: 0.134400 ms CreateObjectMapping: 0.046200 ms MarkObjects: 2.680100 ms  DeleteObjects: 0.012700 ms)

AssetImportParameters requested are different than current active one (requested -> active):
  custom:video-decoder-ogg-theora: a1e56fd34408186e4bbccfd4996cb3dc -> 
  custom:container-muxer-webm: aa71ff27fc2769a1b78a27578f13a17b -> 
  custom:container-demuxer-webm: 4f35f7cbe854078d1ac9338744f61a02 -> 
  custom:video-encoder-webm-vp8: eb34c28f22e8b96e1ab97ce403110664 -> 
  custom:audio-encoder-webm-vorbis: bf7c407c2cedff20999df2af8eb42d56 -> 
  custom:framework-win-MediaFoundation: 216162199b28c13a410421893ffa2e32 -> 
  custom:container-demuxer-ogg: 62fdf1f143b41e24485cea50d1cbac27 -> 
  custom:video-decoder-webm-vp8: 9c59270c3fd7afecdb556c50c9e8de78 -> 
  custom:audio-decoder-ogg-vorbis: bf7c407c2cedff20999df2af8eb42d56 -> 
========================================================================
Received Import Request.
  Time since last request: 13.586348 seconds.
  path: Assets/_EasyFPS
  artifactKey: Guid(b521e70f4fddf6847ad64018d5245d38) Importer(815301076,1909f56bfc062723c751e8b465ee728b)
Start importing Assets/_EasyFPS using Guid(b521e70f4fddf6847ad64018d5245d38) Importer(815301076,1909f56bfc062723c751e8b465ee728b)  -> (artifact id: 'e7ad386c54bfae91a9f920e5e5a4b472') in 0.008614 seconds 
========================================================================
Received Prepare
Registering precompiled user dll's ...
Registered in 0.002126 seconds.
Begin MonoManager ReloadAssembly
Native extension for WindowsStandalone target not found
Native extension for Android target not found
Refreshing native plugins compatible for Editor in 0.50 ms, found 2 plugins.
Preloading 0 native plugins for Editor in 0.00 ms.
Mono: successfully reloaded assembly
- Completed reload, in  1.022 seconds
Domain Reload Profiling:
	ReloadAssembly (1023ms)
		BeginReloadAssembly (131ms)
			ExecutionOrderSort (0ms)
			DisableScriptedObjects (6ms)
			BackupInstance (0ms)
			ReleaseScriptingObjects (0ms)
			CreateAndSetChildDomain (34ms)
		EndReloadAssembly (788ms)
			LoadAssemblies (73ms)
			RebuildTransferFunctionScriptingTraits (0ms)
			SetupTypeCache (196ms)
			ReleaseScriptCaches (1ms)
			RebuildScriptCaches (46ms)
			SetupLoadedEditorAssemblies (416ms)
				LogAssemblyErrors (0ms)
				InitializePlatformSupportModulesInManaged (34ms)
				SetLoadedEditorAssemblies (1ms)
				RefreshPlugins (1ms)
				BeforeProcessingInitializeOnLoad (68ms)
				ProcessInitializeOnLoadAttributes (273ms)
				ProcessInitializeOnLoadMethodAttributes (31ms)
				AfterProcessingInitializeOnLoad (8ms)
				EditorAssembliesLoaded (0ms)
			ExecutionOrderSort2 (0ms)
			AwakeInstancesAfterBackupRestoration (8ms)
Platform modules already initialized, skipping
Refreshing native plugins compatible for Editor in 0.97 ms, found 2 plugins.
Preloading 0 native plugins for Editor in 0.00 ms.
Unloading 1667 Unused Serialized files (Serialized files now loaded: 0)
Unloading 12 unused Assets / (24.7 KB). Loaded Objects now: 2151.
Memory consumption went from 71.7 MB to 71.6 MB.
Total: 3.299100 ms (FindLiveObjects: 0.124100 ms CreateObjectMapping: 0.053200 ms MarkObjects: 3.107600 ms  DeleteObjects: 0.013300 ms)

AssetImportParameters requested are different than current active one (requested -> active):
  custom:video-decoder-ogg-theora: a1e56fd34408186e4bbccfd4996cb3dc -> 
  custom:container-muxer-webm: aa71ff27fc2769a1b78a27578f13a17b -> 
  custom:container-demuxer-webm: 4f35f7cbe854078d1ac9338744f61a02 -> 
  custom:video-encoder-webm-vp8: eb34c28f22e8b96e1ab97ce403110664 -> 
  custom:audio-encoder-webm-vorbis: bf7c407c2cedff20999df2af8eb42d56 -> 
  custom:framework-win-MediaFoundation: 216162199b28c13a410421893ffa2e32 -> 
  custom:container-demuxer-ogg: 62fdf1f143b41e24485cea50d1cbac27 -> 
  custom:video-decoder-webm-vp8: 9c59270c3fd7afecdb556c50c9e8de78 -> 
  custom:audio-decoder-ogg-vorbis: bf7c407c2cedff20999df2af8eb42d56 -> 
========================================================================
Received Import Request.
  Time since last request: 20.404433 seconds.
  path: Assets/01.Scenes/SampleScene.unity
  artifactKey: Guid(9fc0d4010bbf28b4594072e72b8655ab) Importer(815301076,1909f56bfc062723c751e8b465ee728b)
Start importing Assets/01.Scenes/SampleScene.unity using Guid(9fc0d4010bbf28b4594072e72b8655ab) Importer(815301076,1909f56bfc062723c751e8b465ee728b)  -> (artifact id: 'e55ccaa32d8e5c1de03c07a5412c8c3c') in 0.006866 seconds 
========================================================================
Received Import Request.
  Time since last request: 3.206855 seconds.
  path: Assets/01.Scenes/Main.unity
  artifactKey: Guid(9fc0d4010bbf28b4594072e72b8655ab) Importer(815301076,1909f56bfc062723c751e8b465ee728b)
Start importing Assets/01.Scenes/Main.unity using Guid(9fc0d4010bbf28b4594072e72b8655ab) Importer(815301076,1909f56bfc062723c751e8b465ee728b)  -> (artifact id: 'e14c6db9487ef92a94dc58885498e97d') in 0.005993 seconds 
========================================================================
Received Prepare
Registering precompiled user dll's ...
Registered in 0.002113 seconds.
Begin MonoManager ReloadAssembly
Native extension for WindowsStandalone target not found
Native extension for Android target not found
Refreshing native plugins compatible for Editor in 0.65 ms, found 2 plugins.
Preloading 0 native plugins for Editor in 0.00 ms.
Mono: successfully reloaded assembly
- Completed reload, in  1.012 seconds
Domain Reload Profiling:
	ReloadAssembly (1013ms)
		BeginReloadAssembly (133ms)
			ExecutionOrderSort (0ms)
			DisableScriptedObjects (7ms)
			BackupInstance (0ms)
			ReleaseScriptingObjects (0ms)
			CreateAndSetChildDomain (34ms)
		EndReloadAssembly (778ms)
			LoadAssemblies (77ms)
			RebuildTransferFunctionScriptingTraits (0ms)
			SetupTypeCache (196ms)
			ReleaseScriptCaches (1ms)
			RebuildScriptCaches (47ms)
			SetupLoadedEditorAssemblies (399ms)
				LogAssemblyErrors (0ms)
				InitializePlatformSupportModulesInManaged (32ms)
				SetLoadedEditorAssemblies (1ms)
				RefreshPlugins (1ms)
				BeforeProcessingInitializeOnLoad (58ms)
				ProcessInitializeOnLoadAttributes (262ms)
				ProcessInitializeOnLoadMethodAttributes (36ms)
				AfterProcessingInitializeOnLoad (9ms)
				EditorAssembliesLoaded (0ms)
			ExecutionOrderSort2 (0ms)
			AwakeInstancesAfterBackupRestoration (11ms)
Platform modules already initialized, skipping
Refreshing native plugins compatible for Editor in 1.36 ms, found 2 plugins.
Preloading 0 native plugins for Editor in 0.00 ms.
Unloading 1672 Unused Serialized files (Serialized files now loaded: 0)
Unloading 15 unused Assets / (441.5 KB). Loaded Objects now: 2156.
Memory consumption went from 72.6 MB to 72.2 MB.
Total: 3.156000 ms (FindLiveObjects: 0.157100 ms CreateObjectMapping: 0.062900 ms MarkObjects: 2.690800 ms  DeleteObjects: 0.243900 ms)

AssetImportParameters requested are different than current active one (requested -> active):
  custom:video-decoder-ogg-theora: a1e56fd34408186e4bbccfd4996cb3dc -> 
  custom:container-muxer-webm: aa71ff27fc2769a1b78a27578f13a17b -> 
  custom:container-demuxer-webm: 4f35f7cbe854078d1ac9338744f61a02 -> 
  custom:video-encoder-webm-vp8: eb34c28f22e8b96e1ab97ce403110664 -> 
  custom:audio-encoder-webm-vorbis: bf7c407c2cedff20999df2af8eb42d56 -> 
  custom:framework-win-MediaFoundation: 216162199b28c13a410421893ffa2e32 -> 
  custom:container-demuxer-ogg: 62fdf1f143b41e24485cea50d1cbac27 -> 
  custom:video-decoder-webm-vp8: 9c59270c3fd7afecdb556c50c9e8de78 -> 
  custom:audio-decoder-ogg-vorbis: bf7c407c2cedff20999df2af8eb42d56 -> 
========================================================================
Received Import Request.
  Time since last request: 81.810073 seconds.
  path: Assets/_TerrainAutoUpgrade
  artifactKey: Guid(bad62d91b93aa6d468d16af3bd33031a) Importer(815301076,1909f56bfc062723c751e8b465ee728b)
Start importing Assets/_TerrainAutoUpgrade using Guid(bad62d91b93aa6d468d16af3bd33031a) Importer(815301076,1909f56bfc062723c751e8b465ee728b)  -> (artifact id: '82422a982ffe65b60582e0a2a29f24a0') in 0.027365 seconds 
========================================================================
Received Import Request.
  Time since last request: 12.181635 seconds.
  path: Assets/Destroyed_city_FREE/Scenes/destroyed_city
  artifactKey: Guid(108fe7c57358b0d4fac8264274fd52fe) Importer(815301076,1909f56bfc062723c751e8b465ee728b)
Start importing Assets/Destroyed_city_FREE/Scenes/destroyed_city using Guid(108fe7c57358b0d4fac8264274fd52fe) Importer(815301076,1909f56bfc062723c751e8b465ee728b)  -> (artifact id: 'f8eec9289e5fbf677812c307aa2ad4ab') in 0.031268 seconds 
========================================================================
Received Import Request.
  Time since last request: 0.662364 seconds.
  path: Assets/Destroyed_city_FREE/Scenes/destroyed_city.unity
  artifactKey: Guid(dab52a771d551ca40930496e8e13757a) Importer(815301076,1909f56bfc062723c751e8b465ee728b)
Start importing Assets/Destroyed_city_FREE/Scenes/destroyed_city.unity using Guid(dab52a771d551ca40930496e8e13757a) Importer(815301076,1909f56bfc062723c751e8b465ee728b)  -> (artifact id: '4b2765edf2a84409edf9864a02cdc73f') in 0.022245 seconds 
========================================================================
Received Prepare
Registering precompiled user dll's ...
Registered in 0.002151 seconds.
Begin MonoManager ReloadAssembly
Native extension for WindowsStandalone target not found
Native extension for Android target not found
Refreshing native plugins compatible for Editor in 0.35 ms, found 2 plugins.
Preloading 0 native plugins for Editor in 0.00 ms.
Mono: successfully reloaded assembly
- Completed reload, in  1.105 seconds
Domain Reload Profiling:
	ReloadAssembly (1106ms)
		BeginReloadAssembly (145ms)
			ExecutionOrderSort (0ms)
			DisableScriptedObjects (7ms)
			BackupInstance (0ms)
			ReleaseScriptingObjects (0ms)
			CreateAndSetChildDomain (38ms)
		EndReloadAssembly (848ms)
			LoadAssemblies (82ms)
			RebuildTransferFunctionScriptingTraits (0ms)
			SetupTypeCache (223ms)
			ReleaseScriptCaches (1ms)
			RebuildScriptCaches (51ms)
			SetupLoadedEditorAssemblies (426ms)
				LogAssemblyErrors (0ms)
				InitializePlatformSupportModulesInManaged (25ms)
				SetLoadedEditorAssemblies (0ms)
				RefreshPlugins (0ms)
				BeforeProcessingInitializeOnLoad (54ms)
				ProcessInitializeOnLoadAttributes (288ms)
				ProcessInitializeOnLoadMethodAttributes (48ms)
				AfterProcessingInitializeOnLoad (9ms)
				EditorAssembliesLoaded (1ms)
			ExecutionOrderSort2 (0ms)
			AwakeInstancesAfterBackupRestoration (12ms)
Platform modules already initialized, skipping
Refreshing native plugins compatible for Editor in 1.06 ms, found 2 plugins.
Preloading 0 native plugins for Editor in 0.00 ms.
Unloading 1672 Unused Serialized files (Serialized files now loaded: 0)
Unloading 15 unused Assets / (465.1 KB). Loaded Objects now: 2159.
Memory consumption went from 72.7 MB to 72.2 MB.
Total: 3.288400 ms (FindLiveObjects: 0.144900 ms CreateObjectMapping: 0.071500 ms MarkObjects: 2.726900 ms  DeleteObjects: 0.343900 ms)

AssetImportParameters requested are different than current active one (requested -> active):
  custom:video-decoder-ogg-theora: a1e56fd34408186e4bbccfd4996cb3dc -> 
  custom:container-muxer-webm: aa71ff27fc2769a1b78a27578f13a17b -> 
  custom:container-demuxer-webm: 4f35f7cbe854078d1ac9338744f61a02 -> 
  custom:video-encoder-webm-vp8: eb34c28f22e8b96e1ab97ce403110664 -> 
  custom:audio-encoder-webm-vorbis: bf7c407c2cedff20999df2af8eb42d56 -> 
  custom:framework-win-MediaFoundation: 216162199b28c13a410421893ffa2e32 -> 
  custom:container-demuxer-ogg: 62fdf1f143b41e24485cea50d1cbac27 -> 
  custom:video-decoder-webm-vp8: 9c59270c3fd7afecdb556c50c9e8de78 -> 
  custom:audio-decoder-ogg-vorbis: bf7c407c2cedff20999df2af8eb42d56 -> 
========================================================================
Received Import Request.
  Time since last request: 55.284999 seconds.
  path: Assets/Destroyed_city_FREE/Prefabs/wrak_budova.prefab
  artifactKey: Guid(19e3bec5d2084834e86823c680ab9eb1) Importer(815301076,1909f56bfc062723c751e8b465ee728b)
Start importing Assets/Destroyed_city_FREE/Prefabs/wrak_budova.prefab using Guid(19e3bec5d2084834e86823c680ab9eb1) Importer(815301076,1909f56bfc062723c751e8b465ee728b)  -> (artifact id: 'e3e0e2d28de307db1bdaedd7c7f984b5') in 0.690512 seconds 
========================================================================
Received Import Request.
  Time since last request: 6.952229 seconds.
  path: Assets/Destroyed_city_FREE/Standard Assets/Character Controllers/First Person Controller.prefab
  artifactKey: Guid(9d4133d5d30b644bd87802a347eaccbe) Importer(815301076,1909f56bfc062723c751e8b465ee728b)
Start importing Assets/Destroyed_city_FREE/Standard Assets/Character Controllers/First Person Controller.prefab using Guid(9d4133d5d30b644bd87802a347eaccbe) Importer(815301076,1909f56bfc062723c751e8b465ee728b)  -> (artifact id: '17733dac514fcb50c9ec2a6a45e2b0b4') in 0.022683 seconds 
========================================================================
Received Import Request.
  Time since last request: 3.195619 seconds.
  path: Assets/Destroyed_city_FREE/Standard Assets/Character Controllers
  artifactKey: Guid(817289916aee07b49a310a281b3566b7) Importer(815301076,1909f56bfc062723c751e8b465ee728b)
Start importing Assets/Destroyed_city_FREE/Standard Assets/Character Controllers using Guid(817289916aee07b49a310a281b3566b7) Importer(815301076,1909f56bfc062723c751e8b465ee728b)  -> (artifact id: 'd2e70ed28e08aa6a2326057d6d0d8b56') in 0.007411 seconds 
========================================================================
Received Import Request.
  Time since last request: 0.913989 seconds.
  path: Assets/Destroyed_city_FREE/Standard Assets/Character Controllers/Sources/Scripts
  artifactKey: Guid(79a4ad7e9a912a2428963977071a02cf) Importer(815301076,1909f56bfc062723c751e8b465ee728b)
Start importing Assets/Destroyed_city_FREE/Standard Assets/Character Controllers/Sources/Scripts using Guid(79a4ad7e9a912a2428963977071a02cf) Importer(815301076,1909f56bfc062723c751e8b465ee728b)  -> (artifact id: '465096c90b8459df7dd033bbdfc37bcb') in 0.005577 seconds 
========================================================================
Received Import Request.
  Time since last request: 1.544915 seconds.
  path: Assets/Destroyed_city_FREE/Standard Assets/Character Controllers/Sources/Scripts/FPSInputController.js
  artifactKey: Guid(60bca8f58a0b8478e946e6e86658cb29) Importer(815301076,1909f56bfc062723c751e8b465ee728b)
Start importing Assets/Destroyed_city_FREE/Standard Assets/Character Controllers/Sources/Scripts/FPSInputController.js using Guid(60bca8f58a0b8478e946e6e86658cb29) Importer(815301076,1909f56bfc062723c751e8b465ee728b)  -> (artifact id: 'ae16ba6243bf960bad5d3bff4b2c6923') in 0.018118 seconds 
========================================================================
Received Import Request.
  Time since last request: 13.770248 seconds.
  path: Assets/Destroyed_city_FREE/Standard Assets/Character Controllers/Sources/Scripts/CharacterMotor.js
  artifactKey: Guid(0ab79d7f243824f5d9826bd83522c8df) Importer(815301076,1909f56bfc062723c751e8b465ee728b)
Start importing Assets/Destroyed_city_FREE/Standard Assets/Character Controllers/Sources/Scripts/CharacterMotor.js using Guid(0ab79d7f243824f5d9826bd83522c8df) Importer(815301076,1909f56bfc062723c751e8b465ee728b)  -> (artifact id: '90ed8c28f380dcbd39177dc0c53b2f75') in 0.007442 seconds 
========================================================================
Received Import Request.
  Time since last request: 11.988091 seconds.
  path: Assets/Destroyed_city_FREE/Standard Assets/Character Controllers/Sources/Scripts/MouseLook.cs
  artifactKey: Guid(68ec2fe99d1108b9d0006a298d76c639) Importer(815301076,1909f56bfc062723c751e8b465ee728b)
Start importing Assets/Destroyed_city_FREE/Standard Assets/Character Controllers/Sources/Scripts/MouseLook.cs using Guid(68ec2fe99d1108b9d0006a298d76c639) Importer(815301076,1909f56bfc062723c751e8b465ee728b)  -> (artifact id: 'a547d792bb0ba15534567a138ea262fb') in 0.016455 seconds 
========================================================================
Received Import Request.
  Time since last request: 22.199309 seconds.
  path: Assets/Destroyed_city_FREE/Standard Assets/Character Controllers/Sources
  artifactKey: Guid(0981a54a5d1eb9845ac47884303ee07a) Importer(815301076,1909f56bfc062723c751e8b465ee728b)
Start importing Assets/Destroyed_city_FREE/Standard Assets/Character Controllers/Sources using Guid(0981a54a5d1eb9845ac47884303ee07a) Importer(815301076,1909f56bfc062723c751e8b465ee728b)  -> (artifact id: 'b4cd5d5b277658e3e89a12bc6b5fd4cd') in 0.009742 seconds 
========================================================================
Received Prepare
Registering precompiled user dll's ...
Registered in 0.002558 seconds.
Begin MonoManager ReloadAssembly
Native extension for WindowsStandalone target not found
Native extension for Android target not found
Refreshing native plugins compatible for Editor in 0.61 ms, found 2 plugins.
Preloading 0 native plugins for Editor in 0.00 ms.
Mono: successfully reloaded assembly
- Completed reload, in  1.039 seconds
Domain Reload Profiling:
	ReloadAssembly (1040ms)
		BeginReloadAssembly (134ms)
			ExecutionOrderSort (0ms)
			DisableScriptedObjects (7ms)
			BackupInstance (0ms)
			ReleaseScriptingObjects (0ms)
			CreateAndSetChildDomain (34ms)
		EndReloadAssembly (798ms)
			LoadAssemblies (80ms)
			RebuildTransferFunctionScriptingTraits (0ms)
			SetupTypeCache (197ms)
			ReleaseScriptCaches (1ms)
			RebuildScriptCaches (46ms)
			SetupLoadedEditorAssemblies (427ms)
				LogAssemblyErrors (0ms)
				InitializePlatformSupportModulesInManaged (36ms)
				SetLoadedEditorAssemblies (1ms)
				RefreshPlugins (1ms)
				BeforeProcessingInitializeOnLoad (73ms)
				ProcessInitializeOnLoadAttributes (278ms)
				ProcessInitializeOnLoadMethodAttributes (31ms)
				AfterProcessingInitializeOnLoad (7ms)
				EditorAssembliesLoaded (0ms)
			ExecutionOrderSort2 (0ms)
			AwakeInstancesAfterBackupRestoration (8ms)
Platform modules already initialized, skipping
Refreshing native plugins compatible for Editor in 0.98 ms, found 2 plugins.
Preloading 0 native plugins for Editor in 0.00 ms.
Unloading 1670 Unused Serialized files (Serialized files now loaded: 0)
Unloading 17 unused Assets / (408.1 KB). Loaded Objects now: 2176.
Memory consumption went from 78.5 MB to 78.1 MB.
Total: 3.201900 ms (FindLiveObjects: 0.136900 ms CreateObjectMapping: 0.052000 ms MarkObjects: 2.881700 ms  DeleteObjects: 0.130500 ms)

AssetImportParameters requested are different than current active one (requested -> active):
  custom:video-decoder-ogg-theora: a1e56fd34408186e4bbccfd4996cb3dc -> 
  custom:container-muxer-webm: aa71ff27fc2769a1b78a27578f13a17b -> 
  custom:container-demuxer-webm: 4f35f7cbe854078d1ac9338744f61a02 -> 
  custom:video-encoder-webm-vp8: eb34c28f22e8b96e1ab97ce403110664 -> 
  custom:audio-encoder-webm-vorbis: bf7c407c2cedff20999df2af8eb42d56 -> 
  custom:framework-win-MediaFoundation: 216162199b28c13a410421893ffa2e32 -> 
  custom:container-demuxer-ogg: 62fdf1f143b41e24485cea50d1cbac27 -> 
  custom:video-decoder-webm-vp8: 9c59270c3fd7afecdb556c50c9e8de78 -> 
  custom:audio-decoder-ogg-vorbis: bf7c407c2cedff20999df2af8eb42d56 -> 
========================================================================
Received Import Request.
  Time since last request: 12.741352 seconds.
  path: Assets/Destroyed_city_FREE/Prefabs/Light Flares
  artifactKey: Guid(13233c55bf7a8c5428617038c8a477bb) Importer(815301076,1909f56bfc062723c751e8b465ee728b)
Start importing Assets/Destroyed_city_FREE/Prefabs/Light Flares using Guid(13233c55bf7a8c5428617038c8a477bb) Importer(815301076,1909f56bfc062723c751e8b465ee728b)  -> (artifact id: 'a6f7ecb5cf0d4c2ca38f4c649a6e00c1') in 0.009657 seconds 
========================================================================
Received Import Request.
  Time since last request: 0.718590 seconds.
  path: Assets/Destroyed_city_FREE/Prefabs/Light Flares/Sun.flare
  artifactKey: Guid(09ebe82dbd1113c3d000dc0b8d76c639) Importer(815301076,1909f56bfc062723c751e8b465ee728b)
Start importing Assets/Destroyed_city_FREE/Prefabs/Light Flares/Sun.flare using Guid(09ebe82dbd1113c3d000dc0b8d76c639) Importer(815301076,1909f56bfc062723c751e8b465ee728b)  -> (artifact id: '6a9a1db5005ba5d9a06e27eaf02b47a4') in 0.016922 seconds 
========================================================================
Received Import Request.
  Time since last request: 5.275792 seconds.
  path: Assets/Destroyed_city_FREE/Scenes/destroyed_city.unity
  artifactKey: Guid(dab52a771d551ca40930496e8e13757a) Importer(815301076,1909f56bfc062723c751e8b465ee728b)
Start importing Assets/Destroyed_city_FREE/Scenes/destroyed_city.unity using Guid(dab52a771d551ca40930496e8e13757a) Importer(815301076,1909f56bfc062723c751e8b465ee728b)  -> (artifact id: 'bb2c3e0d5e1348959caefea2663cda8f') in 0.003517 seconds 
========================================================================
Received Import Request.
  Time since last request: 3.273488 seconds.
  path: Assets/Destroyed_city_FREE/Shaders
  artifactKey: Guid(411e467e19df21f4996ea7e7fd551826) Importer(815301076,1909f56bfc062723c751e8b465ee728b)
Start importing Assets/Destroyed_city_FREE/Shaders using Guid(411e467e19df21f4996ea7e7fd551826) Importer(815301076,1909f56bfc062723c751e8b465ee728b)  -> (artifact id: '1e29d5672c64f54ec3cab87f4bcfbdd3') in 0.005849 seconds 
========================================================================
Received Import Request.
  Time since last request: 0.888542 seconds.
  path: Assets/Destroyed_city_FREE/Shaders/AlphaTest-DiffuseDoubleSide.shader
  artifactKey: Guid(87a9617efc30b9542a629228f2cdc38a) Importer(815301076,1909f56bfc062723c751e8b465ee728b)
Start importing Assets/Destroyed_city_FREE/Shaders/AlphaTest-DiffuseDoubleSide.shader using Guid(87a9617efc30b9542a629228f2cdc38a) Importer(815301076,1909f56bfc062723c751e8b465ee728b)  -> (artifact id: 'c0f87a83f36c2b92ee2bbe4d209daf2c') in 0.011040 seconds 
========================================================================
Received Import Request.
  Time since last request: 2.810411 seconds.
  path: Assets/Destroyed_city_FREE/Standard Assets/Light Flares/Sources
  artifactKey: Guid(a4fdab182fc59c440ad9fd97e83d32d2) Importer(815301076,1909f56bfc062723c751e8b465ee728b)
Start importing Assets/Destroyed_city_FREE/Standard Assets/Light Flares/Sources using Guid(a4fdab182fc59c440ad9fd97e83d32d2) Importer(815301076,1909f56bfc062723c751e8b465ee728b)  -> (artifact id: '73b0626e4e307a737356ce0d6b11d274') in 0.018495 seconds 
========================================================================
Received Import Request.
  Time since last request: 0.522792 seconds.
  path: Assets/Destroyed_city_FREE/Standard Assets/Light Flares/Sources/Textures
  artifactKey: Guid(78aa14e8f6cc6444fb5556be809a37ba) Importer(815301076,1909f56bfc062723c751e8b465ee728b)
Start importing Assets/Destroyed_city_FREE/Standard Assets/Light Flares/Sources/Textures using Guid(78aa14e8f6cc6444fb5556be809a37ba) Importer(815301076,1909f56bfc062723c751e8b465ee728b)  -> (artifact id: 'b8d8f278b09095d8bd16bd5bba657489') in 0.028027 seconds 
========================================================================
Received Import Request.
  Time since last request: 0.939092 seconds.
  path: Assets/Destroyed_city_FREE/Standard Assets/Light Flares/Sources/Textures/50mmflare.psd
  artifactKey: Guid(23a02ac18d11c9ffa0009c58a8ad6659) Importer(815301076,1909f56bfc062723c751e8b465ee728b)
Start importing Assets/Destroyed_city_FREE/Standard Assets/Light Flares/Sources/Textures/50mmflare.psd using Guid(23a02ac18d11c9ffa0009c58a8ad6659) Importer(815301076,1909f56bfc062723c751e8b465ee728b)  -> (artifact id: '3aa22ec6390acf496aaadb8fa24cefbe') in 0.062156 seconds 
========================================================================
Received Import Request.
  Time since last request: 3.136931 seconds.
  path: Assets/Destroyed_city_FREE/Standard Assets
  artifactKey: Guid(48c444a660fbf2044a9aa86fe9b2c0b8) Importer(815301076,1909f56bfc062723c751e8b465ee728b)
Start importing Assets/Destroyed_city_FREE/Standard Assets using Guid(48c444a660fbf2044a9aa86fe9b2c0b8) Importer(815301076,1909f56bfc062723c751e8b465ee728b)  -> (artifact id: '9c78a71bdb81ec0c4ab29b86a3cd8306') in 0.007742 seconds 
========================================================================
Received Import Request.
  Time since last request: 6.062587 seconds.
  path: Assets/Destroyed_city_FREE
  artifactKey: Guid(d4b4432101535234393c59c1b0599b53) Importer(815301076,1909f56bfc062723c751e8b465ee728b)
Start importing Assets/Destroyed_city_FREE using Guid(d4b4432101535234393c59c1b0599b53) Importer(815301076,1909f56bfc062723c751e8b465ee728b)  -> (artifact id: '75beb090e54dec98245a96d0d10ae945') in 0.007133 seconds 
========================================================================
Received Prepare
Registering precompiled user dll's ...
Registered in 0.001935 seconds.
Begin MonoManager ReloadAssembly
Native extension for WindowsStandalone target not found
Native extension for Android target not found
Refreshing native plugins compatible for Editor in 0.46 ms, found 2 plugins.
Preloading 0 native plugins for Editor in 0.00 ms.
Mono: successfully reloaded assembly
- Completed reload, in  1.105 seconds
Domain Reload Profiling:
	ReloadAssembly (1106ms)
		BeginReloadAssembly (137ms)
			ExecutionOrderSort (0ms)
			DisableScriptedObjects (7ms)
			BackupInstance (0ms)
			ReleaseScriptingObjects (0ms)
			CreateAndSetChildDomain (32ms)
		EndReloadAssembly (852ms)
			LoadAssemblies (83ms)
			RebuildTransferFunctionScriptingTraits (0ms)
			SetupTypeCache (214ms)
			ReleaseScriptCaches (1ms)
			RebuildScriptCaches (47ms)
			SetupLoadedEditorAssemblies (455ms)
				LogAssemblyErrors (0ms)
				InitializePlatformSupportModulesInManaged (27ms)
				SetLoadedEditorAssemblies (1ms)
				RefreshPlugins (1ms)
				BeforeProcessingInitializeOnLoad (70ms)
				ProcessInitializeOnLoadAttributes (311ms)
				ProcessInitializeOnLoadMethodAttributes (35ms)
				AfterProcessingInitializeOnLoad (11ms)
				EditorAssembliesLoaded (0ms)
			ExecutionOrderSort2 (0ms)
			AwakeInstancesAfterBackupRestoration (11ms)
Platform modules already initialized, skipping
Refreshing native plugins compatible for Editor in 1.05 ms, found 2 plugins.
Preloading 0 native plugins for Editor in 0.00 ms.
Unloading 1669 Unused Serialized files (Serialized files now loaded: 0)
Unloading 13 unused Assets / (109.6 KB). Loaded Objects now: 2181.
Memory consumption went from 78.1 MB to 78.0 MB.
Total: 3.861000 ms (FindLiveObjects: 0.139600 ms CreateObjectMapping: 0.050300 ms MarkObjects: 3.578400 ms  DeleteObjects: 0.091700 ms)

AssetImportParameters requested are different than current active one (requested -> active):
  custom:video-decoder-ogg-theora: a1e56fd34408186e4bbccfd4996cb3dc -> 
  custom:container-muxer-webm: aa71ff27fc2769a1b78a27578f13a17b -> 
  custom:container-demuxer-webm: 4f35f7cbe854078d1ac9338744f61a02 -> 
  custom:video-encoder-webm-vp8: eb34c28f22e8b96e1ab97ce403110664 -> 
  custom:audio-encoder-webm-vorbis: bf7c407c2cedff20999df2af8eb42d56 -> 
  custom:framework-win-MediaFoundation: 216162199b28c13a410421893ffa2e32 -> 
  custom:container-demuxer-ogg: 62fdf1f143b41e24485cea50d1cbac27 -> 
  custom:video-decoder-webm-vp8: 9c59270c3fd7afecdb556c50c9e8de78 -> 
  custom:audio-decoder-ogg-vorbis: bf7c407c2cedff20999df2af8eb42d56 -> 
